c:\users\cbib\documents\visual studio 2017\projects\qtguiapplication1\qtguiapplication1\x64\debug\vc141.pdb
c:\users\cbib\documents\visual studio 2017\projects\qtguiapplication1\qtguiapplication1\x64\debug\script.obj
c:\users\cbib\documents\visual studio 2017\projects\qtguiapplication1\qtguiapplication1\x64\debug\bodydatebyflow.obj
c:\users\cbib\documents\visual studio 2017\projects\qtguiapplication1\qtguiapplication1\x64\debug\mymain.obj
c:\users\cbib\documents\visual studio 2017\projects\qtguiapplication1\qtguiapplication1\x64\debug\mytimer.obj
c:\users\cbib\documents\visual studio 2017\projects\qtguiapplication1\qtguiapplication1\x64\debug\t1.obj
c:\users\cbib\documents\visual studio 2017\projects\qtguiapplication1\qtguiapplication1\x64\debug\unit.obj
c:\users\cbib\documents\visual studio 2017\projects\qtguiapplication1\qtguiapplication1\x64\debug\moc_qtguiapplication1.obj
c:\users\cbib\documents\visual studio 2017\projects\qtguiapplication1\qtguiapplication1\x64\debug\human.obj
c:\users\cbib\documents\visual studio 2017\projects\qtguiapplication1\qtguiapplication1\x64\debug\main.obj
c:\users\cbib\documents\visual studio 2017\projects\qtguiapplication1\qtguiapplication1\x64\debug\t3.obj
c:\users\cbib\documents\visual studio 2017\projects\qtguiapplication1\qtguiapplication1\x64\debug\bodydate.obj
c:\users\cbib\documents\visual studio 2017\projects\qtguiapplication1\qtguiapplication1\x64\debug\t1_5.obj
c:\users\cbib\documents\visual studio 2017\projects\qtguiapplication1\qtguiapplication1\x64\debug\qrc_qtguiapplication1.obj
c:\users\cbib\documents\visual studio 2017\projects\qtguiapplication1\qtguiapplication1\x64\debug\learn.obj
c:\users\cbib\documents\visual studio 2017\projects\qtguiapplication1\qtguiapplication1\x64\debug\qtguiapplication1.obj
c:\users\cbib\documents\visual studio 2017\projects\qtguiapplication1\x64\debug\qtguiapplication1.exe
c:\users\cbib\documents\visual studio 2017\projects\qtguiapplication1\x64\debug\qtguiapplication1.ilk
c:\users\cbib\documents\visual studio 2017\projects\qtguiapplication1\x64\debug\qtguiapplication1.pdb
c:\users\cbib\documents\visual studio 2017\projects\qtguiapplication1\qtguiapplication1\generatedfiles\debug\moc_qtguiapplication1.cpp
c:\users\cbib\documents\visual studio 2017\projects\qtguiapplication1\qtguiapplication1\generatedfiles\qrc_qtguiapplication1.cpp
c:\users\cbib\documents\visual studio 2017\projects\qtguiapplication1\qtguiapplication1\generatedfiles\ui_qtguiapplication1.h
c:\users\cbib\documents\visual studio 2017\projects\qtguiapplication1\qtguiapplication1\.\generatedfiles\debug\moc_qtguiapplication1.cpp
c:\users\cbib\documents\visual studio 2017\projects\qtguiapplication1\qtguiapplication1\.\generatedfiles\qrc_qtguiapplication1.cpp
c:\users\cbib\documents\visual studio 2017\projects\qtguiapplication1\qtguiapplication1\.\generatedfiles\ui_qtguiapplication1.h
c:\users\cbib\documents\visual studio 2017\projects\qtguiapplication1\qtguiapplication1\x64\debug\qtguiapp.b12702ad.tlog\cl.command.1.tlog
c:\users\cbib\documents\visual studio 2017\projects\qtguiapplication1\qtguiapplication1\x64\debug\qtguiapp.b12702ad.tlog\cl.read.1.tlog
c:\users\cbib\documents\visual studio 2017\projects\qtguiapplication1\qtguiapplication1\x64\debug\qtguiapp.b12702ad.tlog\cl.write.1.tlog
c:\users\cbib\documents\visual studio 2017\projects\qtguiapplication1\qtguiapplication1\x64\debug\qtguiapp.b12702ad.tlog\link.command.1.tlog
c:\users\cbib\documents\visual studio 2017\projects\qtguiapplication1\qtguiapplication1\x64\debug\qtguiapp.b12702ad.tlog\link.read.1.tlog
c:\users\cbib\documents\visual studio 2017\projects\qtguiapplication1\qtguiapplication1\x64\debug\qtguiapp.b12702ad.tlog\link.write.1.tlog
c:\users\cbib\documents\visual studio 2017\projects\qtguiapplication1\qtguiapplication1\x64\debug\qtguiapp.b12702ad.tlog\qtguiapplication1.write.1u.tlog
c:\users\cbib\documents\visual studio 2017\projects\qtguiapplication1\qtguiapplication1\x64\debug\qtguiapp.b12702ad.tlog\qtmoc.read.1u.tlog
c:\users\cbib\documents\visual studio 2017\projects\qtguiapplication1\qtguiapplication1\x64\debug\qtguiapp.b12702ad.tlog\qtmoc.write.1u.tlog
c:\users\cbib\documents\visual studio 2017\projects\qtguiapplication1\qtguiapplication1\x64\debug\qtguiapp.b12702ad.tlog\qtrcc.read.1u.tlog
c:\users\cbib\documents\visual studio 2017\projects\qtguiapplication1\qtguiapplication1\x64\debug\qtguiapp.b12702ad.tlog\qtrcc.write.1u.tlog
c:\users\cbib\documents\visual studio 2017\projects\qtguiapplication1\qtguiapplication1\x64\debug\qtguiapp.b12702ad.tlog\qtuic.read.1u.tlog
c:\users\cbib\documents\visual studio 2017\projects\qtguiapplication1\qtguiapplication1\x64\debug\qtguiapp.b12702ad.tlog\qtuic.write.1u.tlog
